#
# A fatal error has been detected by the Java Runtime Environment:
#
#  Internal Error (t:/workspace/open/src/hotspot/share/interpreter/oopMapCache.cpp:110), pid=71880, tid=80708
#  Error: ShouldNotReachHere()
#
# JRE version: Java(TM) SE Runtime Environment (13.0.1+9) (build 13.0.1+9)
# Java VM: Java HotSpot(TM) 64-Bit Server VM (13.0.1+9, mixed mode, sharing, tiered, compressed oops, g1 gc, windows-amd64)
# No core dump will be written. Minidumps are not enabled by default on client versions of Windows
#
# If you would like to submit a bug report, please visit:
#   http://bugreport.java.com/bugreport/crash.jsp
#

---------------  S U M M A R Y ------------

Command Line: -agentlib:jdwp=transport=dt_socket,suspend=y,address=localhost:56258 -ea -Dfile.encoding=Cp1252 org.testng.remote.RemoteTestNG -serport 56257 -protocol json -d D:\Automation\MyAccount\test-output D:\Automation\MyAccount\Builds\DEV.xml

Host: Intel(R) Core(TM) i5-7200U CPU @ 2.50GHz, 4 cores, 7G,  Windows 10 , 64 bit Build 18362 (10.0.18362.329)
Time: Mon Nov 25 16:47:53 2019 India Standard Time elapsed time: 945 seconds (0d 0h 15m 45s)

---------------  T H R E A D  ---------------

Current thread (0x000001cc615d3000):  JavaThread "JDWP Transport Listener: dt_socket" daemon [_thread_in_vm, id=80708, stack(0x000000b8ef700000,0x000000b8ef800000)] _threads_hazard_ptr=0x000001cc62e625c0

Stack: [0x000000b8ef700000,0x000000b8ef800000]
Native frames: (J=compiled Java code, j=interpreted, Vv=VM code, C=native code)
V  [jvm.dll+0x626eca]
V  [jvm.dll+0x772c6a]
V  [jvm.dll+0x77441f]
V  [jvm.dll+0x7749d7]
V  [jvm.dll+0x24d9dc]
V  [jvm.dll+0x24d943]
V  [jvm.dll+0x6160cf]
V  [jvm.dll+0x615e2d]
V  [jvm.dll+0x5df993]
V  [jvm.dll+0x76a37f]
V  [jvm.dll+0x4f8226]
V  [jvm.dll+0x77963d]
V  [jvm.dll+0x4de2fe]
V  [jvm.dll+0x4a2b10]
C  [jdwp.dll+0x751f]


---------------  P R O C E S S  ---------------

Threads class SMR info:
_java_thread_list=0x000001cc62e625c0, length=17, elements={
0x000001cc4265b000, 0x000001cc60b4b800, 0x000001cc60b50800, 0x000001cc60b6d800,
0x000001cc60b6f800, 0x000001cc60b71800, 0x000001cc60b7e000, 0x000001cc60b73800,
0x000001cc615d3000, 0x000001cc615d4800, 0x000001cc615de800, 0x000001cc615f1800,
0x000001cc615fa000, 0x000001cc61e45800, 0x000001cc66731000, 0x000001cc63b87800,
0x000001cc64557800
}

Java Threads: ( => current thread )
  0x000001cc4265b000 JavaThread "main" [_thread_blocked, id=59144, stack(0x000000b8ee900000,0x000000b8eea00000)]
  0x000001cc60b4b800 JavaThread "Reference Handler" daemon [_thread_blocked, id=72328, stack(0x000000b8ef000000,0x000000b8ef100000)]
  0x000001cc60b50800 JavaThread "Finalizer" daemon [_thread_blocked, id=57528, stack(0x000000b8ef100000,0x000000b8ef200000)]
  0x000001cc60b6d800 JavaThread "Signal Dispatcher" daemon [_thread_blocked, id=55168, stack(0x000000b8ef200000,0x000000b8ef300000)]
  0x000001cc60b6f800 JavaThread "Attach Listener" daemon [_thread_blocked, id=67192, stack(0x000000b8ef300000,0x000000b8ef400000)]
  0x000001cc60b71800 JavaThread "C2 CompilerThread0" daemon [_thread_blocked, id=74844, stack(0x000000b8ef400000,0x000000b8ef500000)]
  0x000001cc60b7e000 JavaThread "C1 CompilerThread0" daemon [_thread_blocked, id=61048, stack(0x000000b8ef500000,0x000000b8ef600000)]
  0x000001cc60b73800 JavaThread "Sweeper thread" daemon [_thread_blocked, id=76192, stack(0x000000b8ef600000,0x000000b8ef700000)]
=>0x000001cc615d3000 JavaThread "JDWP Transport Listener: dt_socket" daemon [_thread_in_vm, id=80708, stack(0x000000b8ef700000,0x000000b8ef800000)] _threads_hazard_ptr=0x000001cc62e625c0
  0x000001cc615d4800 JavaThread "JDWP Event Helper Thread" daemon [_thread_blocked, id=74288, stack(0x000000b8ef800000,0x000000b8ef900000)]
  0x000001cc615de800 JavaThread "JDWP Command Reader" daemon [_thread_in_native, id=80968, stack(0x000000b8ef900000,0x000000b8efa00000)]
  0x000001cc615f1800 JavaThread "Service Thread" daemon [_thread_blocked, id=75360, stack(0x000000b8efa00000,0x000000b8efb00000)]
  0x000001cc615fa000 JavaThread "Common-Cleaner" daemon [_thread_blocked, id=71676, stack(0x000000b8efc00000,0x000000b8efd00000)]
  0x000001cc61e45800 JavaThread "ReaderThread" [_thread_in_native, id=80780, stack(0x000000b8efe00000,0x000000b8eff00000)]
  0x000001cc66731000 JavaThread "Thread-0" [_thread_in_native, id=82308, stack(0x000000b8f0400000,0x000000b8f0500000)]
  0x000001cc63b87800 JavaThread "Thread-1" daemon [_thread_in_native, id=82872, stack(0x000000b8f0600000,0x000000b8f0700000)]
  0x000001cc64557800 JavaThread "Thread-2" daemon [_thread_in_native, id=82868, stack(0x000000b8f0700000,0x000000b8f0800000)]

Other Threads:
  0x000001cc60b48000 VMThread "VM Thread" [stack: 0x000000b8eef00000,0x000000b8ef000000] [id=69068]
  0x000001cc615ed800 WatcherThread [stack: 0x000000b8efb00000,0x000000b8efc00000] [id=52484]
  0x000001cc4269e000 GCTaskThread "GC Thread#0" [stack: 0x000000b8eea00000,0x000000b8eeb00000] [id=62208]
  0x000001cc62297000 GCTaskThread "GC Thread#1" [stack: 0x000000b8eff00000,0x000000b8f0000000] [id=70268]
  0x000001cc62131800 GCTaskThread "GC Thread#2" [stack: 0x000000b8f0000000,0x000000b8f0100000] [id=52416]
  0x000001cc62132000 GCTaskThread "GC Thread#3" [stack: 0x000000b8f0100000,0x000000b8f0200000] [id=68228]
  0x000001cc426af800 ConcurrentGCThread "G1 Main Marker" [stack: 0x000000b8eeb00000,0x000000b8eec00000] [id=57136]
  0x000001cc426b1800 ConcurrentGCThread "G1 Conc#0" [stack: 0x000000b8eec00000,0x000000b8eed00000] [id=65016]
  0x000001cc609c2800 ConcurrentGCThread "G1 Refine#0" [stack: 0x000000b8eed00000,0x000000b8eee00000] [id=57356]
  0x000001cc617e6000 ConcurrentGCThread "G1 Refine#1" [stack: 0x000000b8f0200000,0x000000b8f0300000] [id=75988]
  0x000001cc609c5000 ConcurrentGCThread "G1 Young RemSet Sampling" [stack: 0x000000b8eee00000,0x000000b8eef00000] [id=65140]

Threads with active compile tasks:

VM state:not at safepoint (normal execution)

VM Mutex/Monitor currently owned by a thread: None

Heap address: 0x0000000081c00000, size: 2020 MB, Compressed Oops mode: 32-bit
Narrow klass base: 0x0000000800000000, Narrow klass shift: 3
Compressed class space size: 1073741824 Address: 0x0000000800b40000

Heap:
 garbage-first heap   total 55296K, used 28082K [0x0000000081c00000, 0x0000000100000000)
  region size 1024K, 12 young (12288K), 3 survivors (3072K)
 Metaspace       used 26673K, capacity 27562K, committed 27824K, reserved 1073152K
  class space    used 3136K, capacity 3509K, committed 3584K, reserved 1048576K
Heap Regions: E=young(eden), S=young(survivor), O=old, HS=humongous(starts), HC=humongous(continues), CS=collection set, F=free, A=archive, TAMS=top-at-mark-start (previous, next)
|   0|0x0000000081c00000, 0x0000000081d00000, 0x0000000081d00000|100%|HS|  |TAMS 0x0000000081d00000, 0x0000000081c00000| Complete 
|   1|0x0000000081d00000, 0x0000000081e00000, 0x0000000081e00000|100%| O|  |TAMS 0x0000000081e00000, 0x0000000081d00000| Untracked 
|   2|0x0000000081e00000, 0x0000000081f00000, 0x0000000081f00000|100%| O|  |TAMS 0x0000000081f00000, 0x0000000081e00000| Untracked 
|   3|0x0000000081f00000, 0x0000000082000000, 0x0000000082000000|100%| O|  |TAMS 0x0000000082000000, 0x0000000081f00000| Untracked 
|   4|0x0000000082000000, 0x0000000082100000, 0x0000000082100000|100%| O|  |TAMS 0x0000000082100000, 0x0000000082000000| Untracked 
|   5|0x0000000082100000, 0x0000000082200000, 0x0000000082200000|100%| O|  |TAMS 0x0000000082200000, 0x0000000082100000| Untracked 
|   6|0x0000000082200000, 0x0000000082300000, 0x0000000082300000|100%| O|  |TAMS 0x0000000082300000, 0x0000000082200000| Untracked 
|   7|0x0000000082300000, 0x0000000082400000, 0x0000000082400000|100%| O|  |TAMS 0x0000000082300000, 0x0000000082300000| Untracked 
|   8|0x0000000082400000, 0x0000000082500000, 0x0000000082500000|100%| O|  |TAMS 0x0000000082400000, 0x0000000082400000| Untracked 
|   9|0x0000000082500000, 0x0000000082600000, 0x0000000082600000|100%| O|  |TAMS 0x0000000082500000, 0x0000000082500000| Untracked 
|  10|0x0000000082600000, 0x000000008261aa00, 0x0000000082700000| 10%| O|  |TAMS 0x000000008261aa00, 0x0000000082600000| Untracked 
|  11|0x0000000082700000, 0x0000000082800000, 0x0000000082800000|100%| O|  |TAMS 0x0000000082700000, 0x0000000082700000| Untracked 
|  12|0x0000000082800000, 0x0000000082900000, 0x0000000082900000|100%| O|  |TAMS 0x0000000082800000, 0x0000000082800000| Untracked 
|  13|0x0000000082900000, 0x0000000082a00000, 0x0000000082a00000|100%| O|  |TAMS 0x0000000082900000, 0x0000000082900000| Untracked 
|  14|0x0000000082a00000, 0x0000000082b00000, 0x0000000082b00000|100%| O|  |TAMS 0x0000000082a00000, 0x0000000082a00000| Untracked 
|  15|0x0000000082b00000, 0x0000000082c00000, 0x0000000082c00000|100%| O|  |TAMS 0x0000000082b00000, 0x0000000082b00000| Untracked 
|  16|0x0000000082c00000, 0x0000000082d00000, 0x0000000082d00000|100%| O|  |TAMS 0x0000000082c00000, 0x0000000082c00000| Untracked 
|  17|0x0000000082d00000, 0x0000000082d76c00, 0x0000000082e00000| 46%| O|  |TAMS 0x0000000082d00000, 0x0000000082d00000| Untracked 
|  18|0x0000000082e00000, 0x0000000082e00000, 0x0000000082f00000|  0%| F|  |TAMS 0x0000000082e00000, 0x0000000082e00000| Untracked 
|  19|0x0000000082f00000, 0x0000000082f00000, 0x0000000083000000|  0%| F|  |TAMS 0x0000000082f00000, 0x0000000082f00000| Untracked 
|  20|0x0000000083000000, 0x0000000083000000, 0x0000000083100000|  0%| F|  |TAMS 0x0000000083000000, 0x0000000083000000| Untracked 
|  21|0x0000000083100000, 0x0000000083100000, 0x0000000083200000|  0%| F|  |TAMS 0x0000000083100000, 0x0000000083100000| Untracked 
|  22|0x0000000083200000, 0x0000000083200000, 0x0000000083300000|  0%| F|  |TAMS 0x0000000083200000, 0x0000000083200000| Untracked 
|  23|0x0000000083300000, 0x0000000083300000, 0x0000000083400000|  0%| F|  |TAMS 0x0000000083300000, 0x0000000083300000| Untracked 
|  24|0x0000000083400000, 0x0000000083400000, 0x0000000083500000|  0%| F|  |TAMS 0x0000000083400000, 0x0000000083400000| Untracked 
|  25|0x0000000083500000, 0x0000000083500000, 0x0000000083600000|  0%| F|  |TAMS 0x0000000083500000, 0x0000000083500000| Untracked 
|  26|0x0000000083600000, 0x0000000083600000, 0x0000000083700000|  0%| F|  |TAMS 0x0000000083600000, 0x0000000083600000| Untracked 
|  27|0x0000000083700000, 0x0000000083700000, 0x0000000083800000|  0%| F|  |TAMS 0x0000000083700000, 0x0000000083700000| Untracked 
|  28|0x0000000083800000, 0x0000000083800000, 0x0000000083900000|  0%| F|  |TAMS 0x0000000083800000, 0x0000000083800000| Untracked 
|  29|0x0000000083900000, 0x0000000083900000, 0x0000000083a00000|  0%| F|  |TAMS 0x0000000083900000, 0x0000000083900000| Untracked 
|  30|0x0000000083a00000, 0x0000000083a00000, 0x0000000083b00000|  0%| F|  |TAMS 0x0000000083a00000, 0x0000000083a00000| Untracked 
|  31|0x0000000083b00000, 0x0000000083b00000, 0x0000000083c00000|  0%| F|  |TAMS 0x0000000083b00000, 0x0000000083b00000| Untracked 
|  32|0x0000000083c00000, 0x0000000083c00000, 0x0000000083d00000|  0%| F|  |TAMS 0x0000000083c00000, 0x0000000083c00000| Untracked 
|  33|0x0000000083d00000, 0x0000000083d00000, 0x0000000083e00000|  0%| F|  |TAMS 0x0000000083d00000, 0x0000000083d00000| Untracked 
|  34|0x0000000083e00000, 0x0000000083edb420, 0x0000000083f00000| 85%| S|CS|TAMS 0x0000000083e00000, 0x0000000083e00000| Complete 
|  35|0x0000000083f00000, 0x0000000084000000, 0x0000000084000000|100%| S|CS|TAMS 0x0000000083f00000, 0x0000000083f00000| Complete 
|  36|0x0000000084000000, 0x0000000084100000, 0x0000000084100000|100%| S|CS|TAMS 0x0000000084000000, 0x0000000084000000| Complete 
|  37|0x0000000084100000, 0x0000000084100000, 0x0000000084200000|  0%| F|  |TAMS 0x0000000084100000, 0x0000000084100000| Untracked 
|  38|0x0000000084200000, 0x0000000084200000, 0x0000000084300000|  0%| F|  |TAMS 0x0000000084200000, 0x0000000084200000| Untracked 
|  39|0x0000000084300000, 0x0000000084300000, 0x0000000084400000|  0%| F|  |TAMS 0x0000000084300000, 0x0000000084300000| Untracked 
|  40|0x0000000084400000, 0x0000000084400000, 0x0000000084500000|  0%| F|  |TAMS 0x0000000084400000, 0x0000000084400000| Untracked 
|  41|0x0000000084500000, 0x0000000084500000, 0x0000000084600000|  0%| F|  |TAMS 0x0000000084500000, 0x0000000084500000| Untracked 
|  42|0x0000000084600000, 0x0000000084600000, 0x0000000084700000|  0%| F|  |TAMS 0x0000000084600000, 0x0000000084600000| Untracked 
|  43|0x0000000084700000, 0x0000000084700000, 0x0000000084800000|  0%| F|  |TAMS 0x0000000084700000, 0x0000000084700000| Untracked 
|  44|0x0000000084800000, 0x0000000084800000, 0x0000000084900000|  0%| F|  |TAMS 0x0000000084800000, 0x0000000084800000| Untracked 
|  45|0x0000000084900000, 0x00000000849e58e8, 0x0000000084a00000| 89%| E|  |TAMS 0x0000000084900000, 0x0000000084900000| Complete 
|  90|0x0000000087600000, 0x0000000087700000, 0x0000000087700000|100%| E|CS|TAMS 0x0000000087600000, 0x0000000087600000| Complete 
|  91|0x0000000087700000, 0x0000000087800000, 0x0000000087800000|100%| E|CS|TAMS 0x0000000087700000, 0x0000000087700000| Complete 
|  92|0x0000000087800000, 0x0000000087900000, 0x0000000087900000|100%| E|CS|TAMS 0x0000000087800000, 0x0000000087800000| Complete 
|  93|0x0000000087900000, 0x0000000087a00000, 0x0000000087a00000|100%| E|CS|TAMS 0x0000000087900000, 0x0000000087900000| Complete 
|  94|0x0000000087a00000, 0x0000000087b00000, 0x0000000087b00000|100%| E|CS|TAMS 0x0000000087a00000, 0x0000000087a00000| Complete 
|  95|0x0000000087b00000, 0x0000000087c00000, 0x0000000087c00000|100%| E|CS|TAMS 0x0000000087b00000, 0x0000000087b00000| Complete 
| 100|0x0000000088000000, 0x0000000088100000, 0x0000000088100000|100%| E|CS|TAMS 0x0000000088000000, 0x0000000088000000| Complete 
| 127|0x0000000089b00000, 0x0000000089c00000, 0x0000000089c00000|100%| E|CS|TAMS 0x0000000089b00000, 0x0000000089b00000| Complete 

Card table byte_map: [0x000001cc59f30000,0x000001cc5a330000] _byte_map_base: 0x000001cc59b22000

Marking Bits (Prev, Next): (CMBitMap*) 0x000001cc4269ed38, (CMBitMap*) 0x000001cc4269ecf8
 Prev Bits: [0x000001cc5c6c0000, 0x000001cc5e650000)
 Next Bits: [0x000001cc5a730000, 0x000001cc5c6c0000)

Polling page: 0x000001cc404a0000

Metaspace:

Usage:
  Non-class:     23.49 MB capacity,    22.99 MB ( 98%) used,   470.65 KB (  2%) free+waste,    45.13 KB ( <1%) overhead. 
      Class:      3.43 MB capacity,     3.06 MB ( 89%) used,   347.81 KB ( 10%) free+waste,    24.94 KB ( <1%) overhead. 
       Both:     26.92 MB capacity,    26.05 MB ( 97%) used,   818.46 KB (  3%) free+waste,    70.06 KB ( <1%) overhead. 

Virtual space:
  Non-class space:       24.00 MB reserved,      23.67 MB ( 99%) committed 
      Class space:        1.00 GB reserved,       3.50 MB ( <1%) committed 
             Both:        1.02 GB reserved,      27.17 MB (  3%) committed 

Chunk freelists:
   Non-Class:  3.00 KB
       Class:  11.00 KB
        Both:  14.00 KB

MaxMetaspaceSize: 17179869184.00 GB
CompressedClassSpaceSize: 1.00 GB

CodeHeap 'non-profiled nmethods': size=120064Kb used=1482Kb max_used=1482Kb free=118581Kb
 bounds [0x000001cc525f0000, 0x000001cc52860000, 0x000001cc59b30000]
CodeHeap 'profiled nmethods': size=120000Kb used=5838Kb max_used=5838Kb free=114161Kb
 bounds [0x000001cc4b0c0000, 0x000001cc4b680000, 0x000001cc525f0000]
CodeHeap 'non-nmethods': size=5696Kb used=2399Kb max_used=2471Kb free=3296Kb
 bounds [0x000001cc4ab30000, 0x000001cc4adc0000, 0x000001cc4b0c0000]
 total_blobs=4466 nmethods=2490 adapters=696
 compilation: enabled
              stopped_count=0, restarted_count=0
 full_count=0

Compilation events (20 events):
Event: 21.736 Thread 0x000001cc60b7e000 2791       3       groovy.lang.MetaClassImpl::checkInitalised (76 bytes)
Event: 21.737 Thread 0x000001cc60b71800 nmethod 2778 0x000001cc5275d110 code [0x000001cc5275d2a0, 0x000001cc5275d378]
Event: 21.737 Thread 0x000001cc60b7e000 nmethod 2791 0x000001cc4b66f110 code [0x000001cc4b66f460, 0x000001cc4b6705f0]
Event: 21.737 Thread 0x000001cc60b7e000 2792       3       org.codehaus.groovy.classgen.GeneratorContext::encodeAsValidClassName (165 bytes)
Event: 21.738 Thread 0x000001cc60b71800 2793       4       groovyjarjarasm.asm.Item::a (354 bytes)
Event: 21.740 Thread 0x000001cc60b7e000 nmethod 2792 0x000001cc4b670c10 code [0x000001cc4b671000, 0x000001cc4b672c50]
Event: 21.745 Thread 0x000001cc60b7e000 2796       3       java.lang.reflect.Executable$$Lambda$46/0x0000000800beb840::apply (10 bytes)
Event: 21.745 Thread 0x000001cc60b71800 nmethod 2793 0x000001cc5275d490 code [0x000001cc5275d660, 0x000001cc5275df78]
Event: 21.745 Thread 0x000001cc60b7e000 nmethod 2796 0x000001cc4b673810 code [0x000001cc4b6739c0, 0x000001cc4b673d50]
Event: 21.745 Thread 0x000001cc60b71800 2795       4       java.util.StringJoiner::add (104 bytes)
Event: 21.748 Thread 0x000001cc60b7e000 2797       3       java.lang.StringBuilder::length (5 bytes)
Event: 21.748 Thread 0x000001cc60b7e000 nmethod 2797 0x000001cc4b673e90 code [0x000001cc4b674040, 0x000001cc4b6741d8]
Event: 21.751 Thread 0x000001cc60b71800 nmethod 2795 0x000001cc5275e290 code [0x000001cc5275e440, 0x000001cc5275e998]
Event: 21.751 Thread 0x000001cc60b71800 2794       4       java.lang.StringBuilder::append (8 bytes)
Event: 21.755 Thread 0x000001cc62eeb800 nmethod 2761 0x000001cc5275ec10 code [0x000001cc5275ee40, 0x000001cc527600d0]
Event: 21.756 Thread 0x000001cc62eeb800 2799       4       groovyjarjarasm.asm.ClassWriter::b (152 bytes)
Event: 21.760 Thread 0x000001cc62eeb800 nmethod 2799 0x000001cc52760c10 code [0x000001cc52760da0, 0x000001cc52761158]
Event: 21.760 Thread 0x000001cc62eeb800 2798       4       groovyjarjarasm.asm.Item::<init> (66 bytes)
Event: 21.765 Thread 0x000001cc62eeb800 nmethod 2798 0x000001cc52761310 code [0x000001cc527614a0, 0x000001cc527617d8]
Event: 21.765 Thread 0x000001cc60b71800 nmethod 2794 0x000001cc52761890 code [0x000001cc52761a40, 0x000001cc52762688]

GC Heap History (12 events):
Event: 1.065 GC heap before
{Heap before GC invocations=0 (full 0):
 garbage-first heap   total 131072K, used 15360K [0x0000000081c00000, 0x0000000100000000)
  region size 1024K, 14 young (14336K), 0 survivors (0K)
 Metaspace       used 5274K, capacity 6258K, committed 6272K, reserved 1056768K
  class space    used 574K, capacity 640K, committed 640K, reserved 1048576K
}
Event: 1.069 GC heap after
{Heap after GC invocations=1 (full 0):
 garbage-first heap   total 131072K, used 6935K [0x0000000081c00000, 0x0000000100000000)
  region size 1024K, 2 young (2048K), 2 survivors (2048K)
 Metaspace       used 5274K, capacity 6258K, committed 6272K, reserved 1056768K
  class space    used 574K, capacity 640K, committed 640K, reserved 1048576K
}
Event: 1.239 GC heap before
{Heap before GC invocations=1 (full 0):
 garbage-first heap   total 131072K, used 15127K [0x0000000081c00000, 0x0000000100000000)
  region size 1024K, 10 young (10240K), 2 survivors (2048K)
 Metaspace       used 6848K, capacity 7523K, committed 7808K, reserved 1056768K
  class space    used 750K, capacity 807K, committed 896K, reserved 1048576K
}
Event: 1.243 GC heap after
{Heap after GC invocations=2 (full 0):
 garbage-first heap   total 131072K, used 7751K [0x0000000081c00000, 0x0000000100000000)
  region size 1024K, 2 young (2048K), 2 survivors (2048K)
 Metaspace       used 6848K, capacity 7523K, committed 7808K, reserved 1056768K
  class space    used 750K, capacity 807K, committed 896K, reserved 1048576K
}
Event: 1.782 GC heap before
{Heap before GC invocations=2 (full 0):
 garbage-first heap   total 131072K, used 36423K [0x0000000081c00000, 0x0000000100000000)
  region size 1024K, 28 young (28672K), 2 survivors (2048K)
 Metaspace       used 13133K, capacity 13391K, committed 13568K, reserved 1060864K
  class space    used 1333K, capacity 1418K, committed 1536K, reserved 1048576K
}
Event: 1.789 GC heap after
{Heap after GC invocations=3 (full 0):
 garbage-first heap   total 131072K, used 11370K [0x0000000081c00000, 0x0000000100000000)
  region size 1024K, 4 young (4096K), 4 survivors (4096K)
 Metaspace       used 13133K, capacity 13391K, committed 13568K, reserved 1060864K
  class space    used 1333K, capacity 1418K, committed 1536K, reserved 1048576K
}
Event: 3.980 GC heap before
{Heap before GC invocations=3 (full 0):
 garbage-first heap   total 131072K, used 37994K [0x0000000081c00000, 0x0000000100000000)
  region size 1024K, 31 young (31744K), 4 survivors (4096K)
 Metaspace       used 20898K, capacity 21190K, committed 21296K, reserved 1069056K
  class space    used 2301K, capacity 2414K, committed 2432K, reserved 1048576K
}
Event: 4.002 GC heap after
{Heap after GC invocations=4 (full 0):
 garbage-first heap   total 131072K, used 14333K [0x0000000081c00000, 0x0000000100000000)
  region size 1024K, 7 young (7168K), 7 survivors (7168K)
 Metaspace       used 20898K, capacity 21190K, committed 21296K, reserved 1069056K
  class space    used 2301K, capacity 2414K, committed 2432K, reserved 1048576K
}
Event: 20.638 GC heap before
{Heap before GC invocations=5 (full 0):
 garbage-first heap   total 55296K, used 39933K [0x0000000081c00000, 0x0000000100000000)
  region size 1024K, 32 young (32768K), 7 survivors (7168K)
 Metaspace       used 24858K, capacity 25367K, committed 25520K, reserved 1071104K
  class space    used 2795K, capacity 3008K, committed 3072K, reserved 1048576K
}
Event: 20.651 GC heap after
{Heap after GC invocations=6 (full 0):
 garbage-first heap   total 55296K, used 17225K [0x0000000081c00000, 0x0000000100000000)
  region size 1024K, 4 young (4096K), 4 survivors (4096K)
 Metaspace       used 24858K, capacity 25367K, committed 25520K, reserved 1071104K
  class space    used 2795K, capacity 3008K, committed 3072K, reserved 1048576K
}
Event: 20.960 GC heap before
{Heap before GC invocations=6 (full 0):
 garbage-first heap   total 55296K, used 34633K [0x0000000081c00000, 0x0000000100000000)
  region size 1024K, 21 young (21504K), 4 survivors (4096K)
 Metaspace       used 26060K, capacity 26886K, committed 27184K, reserved 1073152K
  class space    used 3011K, capacity 3333K, committed 3456K, reserved 1048576K
}
Event: 20.969 GC heap after
{Heap after GC invocations=7 (full 0):
 garbage-first heap   total 55296K, used 19890K [0x0000000081c00000, 0x0000000100000000)
  region size 1024K, 3 young (3072K), 3 survivors (3072K)
 Metaspace       used 26060K, capacity 26886K, committed 27184K, reserved 1073152K
  class space    used 3011K, capacity 3333K, committed 3456K, reserved 1048576K
}

Deoptimization events (20 events):
Event: 21.746 Thread 0x000001cc4265b000 DEOPT PACKING pc=0x000001cc4b1947d4 sp=0x000000b8ee9fb6d0
Event: 21.746 Thread 0x000001cc4265b000 DEOPT UNPACKING pc=0x000001cc4ab7964e sp=0x000000b8ee9fab68 mode 1
Event: 21.746 Thread 0x000001cc4265b000 DEOPT PACKING pc=0x000001cc4b193c04 sp=0x000000b8ee9fb7a0
Event: 21.746 Thread 0x000001cc4265b000 DEOPT UNPACKING pc=0x000001cc4ab7964e sp=0x000000b8ee9fac58 mode 1
Event: 21.746 Thread 0x000001cc4265b000 DEOPT PACKING pc=0x000001cc4b37ccb4 sp=0x000000b8ee9fc240
Event: 21.746 Thread 0x000001cc4265b000 DEOPT UNPACKING pc=0x000001cc4ab7964e sp=0x000000b8ee9fb730 mode 1
Event: 21.746 Thread 0x000001cc4265b000 DEOPT PACKING pc=0x000001cc4b4c3b0c sp=0x000000b8ee9fc280
Event: 21.746 Thread 0x000001cc4265b000 DEOPT UNPACKING pc=0x000001cc4ab7964e sp=0x000000b8ee9fb750 mode 1
Event: 21.749 Thread 0x000001cc4265b000 DEOPT PACKING pc=0x000001cc4b5d7f4c sp=0x000000b8ee9f8d80
Event: 21.749 Thread 0x000001cc4265b000 DEOPT UNPACKING pc=0x000001cc4ab7964e sp=0x000000b8ee9f8318 mode 1
Event: 21.749 Thread 0x000001cc4265b000 DEOPT PACKING pc=0x000001cc4b11c964 sp=0x000000b8ee9f8f10
Event: 21.749 Thread 0x000001cc4265b000 DEOPT UNPACKING pc=0x000001cc4ab7964e sp=0x000000b8ee9f8478 mode 1
Event: 21.749 Thread 0x000001cc4265b000 DEOPT PACKING pc=0x000001cc4b5d7f4c sp=0x000000b8ee9f8d10
Event: 21.749 Thread 0x000001cc4265b000 DEOPT UNPACKING pc=0x000001cc4ab7964e sp=0x000000b8ee9f82a8 mode 1
Event: 21.749 Thread 0x000001cc4265b000 DEOPT PACKING pc=0x000001cc4b11c964 sp=0x000000b8ee9f8ea0
Event: 21.749 Thread 0x000001cc4265b000 DEOPT UNPACKING pc=0x000001cc4ab7964e sp=0x000000b8ee9f8408 mode 1
Event: 21.750 Thread 0x000001cc4265b000 DEOPT PACKING pc=0x000001cc4b5d7f4c sp=0x000000b8ee9f8d80
Event: 21.750 Thread 0x000001cc4265b000 DEOPT UNPACKING pc=0x000001cc4ab7964e sp=0x000000b8ee9f8318 mode 1
Event: 21.750 Thread 0x000001cc4265b000 DEOPT PACKING pc=0x000001cc4b11c964 sp=0x000000b8ee9f8f10
Event: 21.750 Thread 0x000001cc4265b000 DEOPT UNPACKING pc=0x000001cc4ab7964e sp=0x000000b8ee9f8478 mode 1

Classes unloaded (0 events):
No events

Classes redefined (2 events):
Event: 876.003 Thread 0x000001cc60b48000 redefined class name=com.MyAccount.Common.Request, count=1
Event: 944.980 Thread 0x000001cc60b48000 redefined class name=com.MyAccount.Common.Request, count=2

Internal exceptions (20 events):
Event: 21.721 Thread 0x000001cc4265b000 Exception <a 'java/lang/ClassNotFoundException'{0x000000008765a938}: io/restassured/internal/http/HttpResponseDecorator$HeadersDecoratorCustomizer> (0x000000008765a938) 
thrown [t:/workspace/open/src/hotspot/share/classfile/systemDictionary.cpp, line 232]
Event: 21.724 Thread 0x000001cc4265b000 Exception <a 'java/lang/ClassNotFoundException'{0x000000008767e338}: org/apache/http/message/BufferedHeaderBeanInfo> (0x000000008767e338) 
thrown [t:/workspace/open/src/hotspot/share/classfile/systemDictionary.cpp, line 232]
Event: 21.725 Thread 0x000001cc4265b000 Exception <a 'java/lang/ClassNotFoundException'{0x000000008768d690}: org/apache/http/message/BufferedHeaderCustomizer> (0x000000008768d690) 
thrown [t:/workspace/open/src/hotspot/share/classfile/systemDictionary.cpp, line 232]
Event: 21.728 Thread 0x000001cc4265b000 Exception <a 'java/lang/reflect/InvocationTargetException'{0x00000000876a8440}> (0x00000000876a8440) 
thrown [t:/workspace/open/src/hotspot/share/runtime/reflection.cpp, line 1188]
Event: 21.734 Thread 0x000001cc4265b000 Exception <a 'java/lang/ClassNotFoundException'{0x00000000876e33d0}: io/restassured/config/ConnectionConfigBeanInfo> (0x00000000876e33d0) 
thrown [t:/workspace/open/src/hotspot/share/classfile/systemDictionary.cpp, line 232]
Event: 21.735 Thread 0x000001cc4265b000 Exception <a 'java/lang/ClassNotFoundException'{0x00000000876f1738}: io/restassured/config/ConnectionConfigCustomizer> (0x00000000876f1738) 
thrown [t:/workspace/open/src/hotspot/share/classfile/systemDictionary.cpp, line 232]
Event: 21.740 Thread 0x000001cc4265b000 Exception <a 'java/lang/ClassNotFoundException'{0x0000000084926d70}: java/io/ByteArrayOutputStreamBeanInfo> (0x0000000084926d70) 
thrown [t:/workspace/open/src/hotspot/share/classfile/systemDictionary.cpp, line 232]
Event: 21.741 Thread 0x000001cc4265b000 Exception <a 'java/lang/ClassNotFoundException'{0x0000000084928030}: java/io/OutputStreamBeanInfo> (0x0000000084928030) 
thrown [t:/workspace/open/src/hotspot/share/classfile/systemDictionary.cpp, line 232]
Event: 21.741 Thread 0x000001cc4265b000 Exception <a 'java/lang/ClassNotFoundException'{0x00000000849292b8}: java/io/OutputStreamCustomizer> (0x00000000849292b8) 
thrown [t:/workspace/open/src/hotspot/share/classfile/systemDictionary.cpp, line 232]
Event: 21.741 Thread 0x000001cc4265b000 Exception <a 'java/lang/ClassNotFoundException'{0x000000008492e948}: java/io/ByteArrayOutputStreamCustomizer> (0x000000008492e948) 
thrown [t:/workspace/open/src/hotspot/share/classfile/systemDictionary.cpp, line 232]
Event: 21.742 Thread 0x000001cc4265b000 Exception <a 'java/lang/ClassNotFoundException'{0x000000008493c2e8}: groovy/runtime/metaclass/[BMetaClass> (0x000000008493c2e8) 
thrown [t:/workspace/open/src/hotspot/share/prims/jni.cpp, line 619]
Event: 21.742 Thread 0x000001cc4265b000 Exception <a 'java/lang/ClassNotFoundException'{0x000000008493fca0}: [BBeanInfo> (0x000000008493fca0) 
thrown [t:/workspace/open/src/hotspot/share/prims/jni.cpp, line 619]
Event: 21.742 Thread 0x000001cc4265b000 Exception <a 'java/lang/ClassNotFoundException'{0x00000000849404f8}: [BBeanInfo> (0x00000000849404f8) 
thrown [t:/workspace/open/src/hotspot/share/prims/jni.cpp, line 619]
Event: 21.742 Thread 0x000001cc4265b000 Exception <a 'java/lang/ClassNotFoundException'{0x0000000084940dc8}: [BCustomizer> (0x0000000084940dc8) 
thrown [t:/workspace/open/src/hotspot/share/prims/jni.cpp, line 619]
Event: 21.742 Thread 0x000001cc4265b000 Exception <a 'java/lang/ClassNotFoundException'{0x0000000084941620}: [BCustomizer> (0x0000000084941620) 
thrown [t:/workspace/open/src/hotspot/share/prims/jni.cpp, line 619]
Event: 21.744 Thread 0x000001cc4265b000 Exception <a 'java/lang/ClassNotFoundException'{0x00000000849659c0}: org/apache/http/conn/EofSensorInputStreamBeanInfo> (0x00000000849659c0) 
thrown [t:/workspace/open/src/hotspot/share/classfile/systemDictionary.cpp, line 232]
Event: 21.745 Thread 0x000001cc4265b000 Exception <a 'java/lang/ClassNotFoundException'{0x0000000084966c80}: java/io/InputStreamBeanInfo> (0x0000000084966c80) 
thrown [t:/workspace/open/src/hotspot/share/classfile/systemDictionary.cpp, line 232]
Event: 21.745 Thread 0x000001cc4265b000 Exception <a 'java/lang/ClassNotFoundException'{0x0000000084967f08}: java/io/InputStreamCustomizer> (0x0000000084967f08) 
thrown [t:/workspace/open/src/hotspot/share/classfile/systemDictionary.cpp, line 232]
Event: 21.746 Thread 0x000001cc4265b000 Exception <a 'java/lang/ClassNotFoundException'{0x000000008497e8f0}: org/apache/http/conn/EofSensorInputStreamCustomizer> (0x000000008497e8f0) 
thrown [t:/workspace/open/src/hotspot/share/classfile/systemDictionary.cpp, line 232]
Event: 945.073 Thread 0x000001cc615d3000 Exception <a 'java/lang/LinkageError'{0x00000000849ba270}> (0x00000000849ba270) 
thrown [t:/workspace/open/src/hotspot/share/oops/generateOopMap.cpp, line 2140]

Events (20 events):
Event: 933.749 Executing VM operation: get/set locals
Event: 933.749 Executing VM operation: get/set locals done
Event: 944.976 Executing VM operation: RedefineClasses
Event: 944.991 Executing VM operation: RedefineClasses done
Event: 945.001 Executing VM operation: ChangeBreakpoints
Event: 945.002 Executing VM operation: ChangeBreakpoints done
Event: 945.011 Executing VM operation: ChangeBreakpoints
Event: 945.012 Executing VM operation: ChangeBreakpoints done
Event: 945.013 Executing VM operation: GetFrameCount
Event: 945.013 Executing VM operation: GetFrameCount done
Event: 945.013 Executing VM operation: GetStackTrace
Event: 945.013 Executing VM operation: GetStackTrace done
Event: 945.060 Executing VM operation: GetFrameCount
Event: 945.060 Executing VM operation: GetFrameCount done
Event: 945.061 Executing VM operation: GetOwnedMonitorInfo
Event: 945.061 Executing VM operation: GetOwnedMonitorInfo done
Event: 945.061 Executing VM operation: GetCurrentContendedMonitor
Event: 945.061 Executing VM operation: GetCurrentContendedMonitor done
Event: 945.072 Executing VM operation: GetFrameLocation
Event: 945.072 Executing VM operation: GetFrameLocation done


Dynamic libraries:
0x00007ff6a0540000 - 0x00007ff6a054f000 	C:\Program Files\Java\jdk-13.0.1\bin\javaw.exe
0x00007fffd44e0000 - 0x00007fffd46d0000 	C:\WINDOWS\SYSTEM32\ntdll.dll
0x00007fffd3e00000 - 0x00007fffd3eb2000 	C:\WINDOWS\System32\KERNEL32.DLL
0x00007fffd1660000 - 0x00007fffd1903000 	C:\WINDOWS\System32\KERNELBASE.dll
0x0000000068300000 - 0x0000000068393000 	C:\WINDOWS\System32\SYSFER.DLL
0x00007fffd1510000 - 0x00007fffd160a000 	C:\WINDOWS\System32\ucrtbase.dll
0x00007fffbee10000 - 0x00007fffbee28000 	C:\Program Files\Java\jdk-13.0.1\bin\jli.dll
0x00007fffc8e80000 - 0x00007fffc8e95000 	C:\Program Files\Java\jdk-13.0.1\bin\VCRUNTIME140.dll
0x00007fffd42e0000 - 0x00007fffd4383000 	C:\WINDOWS\System32\ADVAPI32.dll
0x00007fffd4240000 - 0x00007fffd42de000 	C:\WINDOWS\System32\msvcrt.dll
0x00007fffd30b0000 - 0x00007fffd3147000 	C:\WINDOWS\System32\sechost.dll
0x00007fffd4100000 - 0x00007fffd4220000 	C:\WINDOWS\System32\RPCRT4.dll
0x00007fffd31d0000 - 0x00007fffd3364000 	C:\WINDOWS\System32\USER32.dll
0x00007fffd1b40000 - 0x00007fffd1b61000 	C:\WINDOWS\System32\win32u.dll
0x00007fffd40d0000 - 0x00007fffd40f6000 	C:\WINDOWS\System32\GDI32.dll
0x00007fffbe5d0000 - 0x00007fffbe855000 	C:\WINDOWS\WinSxS\amd64_microsoft.windows.common-controls_6595b64144ccf1df_6.0.18362.418_none_e6c6b287130d565d\COMCTL32.dll
0x00007fffd23f0000 - 0x00007fffd2584000 	C:\WINDOWS\System32\gdi32full.dll
0x00007fffd3970000 - 0x00007fffd3ca6000 	C:\WINDOWS\System32\combase.dll
0x00007fffd1470000 - 0x00007fffd150e000 	C:\WINDOWS\System32\msvcp_win.dll
0x00007fffd1a60000 - 0x00007fffd1ae0000 	C:\WINDOWS\System32\bcryptPrimitives.dll
0x00007fffc18f0000 - 0x00007fffc18fa000 	C:\WINDOWS\SYSTEM32\VERSION.dll
0x00007fffd38b0000 - 0x00007fffd38de000 	C:\WINDOWS\System32\IMM32.DLL
0x00007fffb8b00000 - 0x00007fffb8b9b000 	C:\Program Files\Java\jdk-13.0.1\bin\msvcp140.dll
0x00007fff92840000 - 0x00007fff933a6000 	C:\Program Files\Java\jdk-13.0.1\bin\server\jvm.dll
0x00007fffd3d20000 - 0x00007fffd3d28000 	C:\WINDOWS\System32\PSAPI.DLL
0x00007fffc9e50000 - 0x00007fffc9e59000 	C:\WINDOWS\SYSTEM32\WSOCK32.dll
0x00007fffd3cb0000 - 0x00007fffd3d1f000 	C:\WINDOWS\System32\WS2_32.dll
0x00007fffcf5c0000 - 0x00007fffcf5e4000 	C:\WINDOWS\SYSTEM32\WINMM.dll
0x00007fffcf590000 - 0x00007fffcf5bd000 	C:\WINDOWS\SYSTEM32\WINMMBASE.dll
0x00007fffd1610000 - 0x00007fffd165a000 	C:\WINDOWS\System32\cfgmgr32.dll
0x00007fffd1430000 - 0x00007fffd1441000 	C:\WINDOWS\System32\kernel.appcore.dll
0x00007fffc9060000 - 0x00007fffc9070000 	C:\Program Files\Java\jdk-13.0.1\bin\verify.dll
0x00007fffbb7b0000 - 0x00007fffbb9a4000 	C:\WINDOWS\SYSTEM32\DBGHELP.DLL
0x00007fffbcd30000 - 0x00007fffbcd5a000 	C:\WINDOWS\SYSTEM32\dbgcore.DLL
0x00007fffc8e50000 - 0x00007fffc8e76000 	C:\Program Files\Java\jdk-13.0.1\bin\java.dll
0x00007fffb92a0000 - 0x00007fffb92d8000 	C:\Program Files\Java\jdk-13.0.1\bin\jdwp.dll
0x00007fffc8e30000 - 0x00007fffc8e47000 	C:\Program Files\Java\jdk-13.0.1\bin\zip.dll
0x00007fffc8fc0000 - 0x00007fffc8fca000 	C:\Program Files\Java\jdk-13.0.1\bin\jimage.dll
0x00007fffd2640000 - 0x00007fffd2d25000 	C:\WINDOWS\System32\SHELL32.dll
0x00007fffd4390000 - 0x00007fffd4439000 	C:\WINDOWS\System32\shcore.dll
0x00007fffd1b70000 - 0x00007fffd22ef000 	C:\WINDOWS\System32\windows.storage.dll
0x00007fffd1450000 - 0x00007fffd146f000 	C:\WINDOWS\System32\profapi.dll
0x00007fffd13e0000 - 0x00007fffd142a000 	C:\WINDOWS\System32\powrprof.dll
0x00007fffd13b0000 - 0x00007fffd13c0000 	C:\WINDOWS\System32\UMPDC.dll
0x00007fffd3850000 - 0x00007fffd38a2000 	C:\WINDOWS\System32\shlwapi.dll
0x00007fffd22f0000 - 0x00007fffd2307000 	C:\WINDOWS\System32\cryptsp.dll
0x00007fffc9280000 - 0x00007fffc928b000 	C:\Program Files\Java\jdk-13.0.1\bin\dt_socket.dll
0x00007fffd0bc0000 - 0x00007fffd0c27000 	C:\WINDOWS\system32\mswsock.dll
0x00007fffd0920000 - 0x00007fffd09ea000 	C:\WINDOWS\SYSTEM32\DNSAPI.dll
0x00007fffd2d30000 - 0x00007fffd2d38000 	C:\WINDOWS\System32\NSI.dll
0x00007fffd08d0000 - 0x00007fffd090a000 	C:\WINDOWS\SYSTEM32\IPHLPAPI.DLL
0x00007fffc2870000 - 0x00007fffc287a000 	C:\Windows\System32\rasadhlp.dll
0x00007fffccb80000 - 0x00007fffccbf7000 	C:\WINDOWS\System32\fwpuclnt.dll
0x00007fffd2310000 - 0x00007fffd2336000 	C:\WINDOWS\System32\bcrypt.dll
0x00007fffc8e10000 - 0x00007fffc8e29000 	C:\Program Files\Java\jdk-13.0.1\bin\net.dll
0x00007fffc2880000 - 0x00007fffc2970000 	C:\WINDOWS\SYSTEM32\WINHTTP.dll
0x00007fffc8df0000 - 0x00007fffc8e03000 	C:\Program Files\Java\jdk-13.0.1\bin\nio.dll
0x00007fffd0730000 - 0x00007fffd0763000 	C:\WINDOWS\system32\rsaenh.dll
0x00007fffd12a0000 - 0x00007fffd12c5000 	C:\WINDOWS\SYSTEM32\USERENV.dll
0x00007fffd0d90000 - 0x00007fffd0d9c000 	C:\WINDOWS\SYSTEM32\CRYPTBASE.dll
0x00007fffccab0000 - 0x00007fffccac6000 	C:\WINDOWS\SYSTEM32\dhcpcsvc6.DLL
0x00007fffcca40000 - 0x00007fffcca5c000 	C:\WINDOWS\SYSTEM32\dhcpcsvc.DLL
0x00007fffb7770000 - 0x00007fffb7786000 	C:\WINDOWS\system32\napinsp.dll
0x00007fffb8f60000 - 0x00007fffb8f7a000 	C:\WINDOWS\system32\pnrpnsp.dll
0x00007fffbb7a0000 - 0x00007fffbb7ae000 	C:\WINDOWS\System32\winrnr.dll
0x00007fffcdd00000 - 0x00007fffcdd1c000 	C:\WINDOWS\system32\NLAapi.dll
0x00007fffccdd0000 - 0x00007fffccde5000 	C:\WINDOWS\system32\wshbth.dll
0x00007fffb9af0000 - 0x00007fffb9b15000 	C:\Program Files\Java\jdk-13.0.1\bin\sunec.dll
0x00007fffc8fa0000 - 0x00007fffc8fae000 	C:\Program Files\Java\jdk-13.0.1\bin\sunmscapi.dll
0x00007fffd1910000 - 0x00007fffd1a59000 	C:\WINDOWS\System32\CRYPT32.dll
0x00007fffd13c0000 - 0x00007fffd13d2000 	C:\WINDOWS\System32\MSASN1.dll
0x00007fffd0e90000 - 0x00007fffd0eb6000 	C:\WINDOWS\SYSTEM32\ncrypt.dll
0x00007fffd0e50000 - 0x00007fffd0e8b000 	C:\WINDOWS\SYSTEM32\NTASN1.dll

dbghelp: loaded successfully - version: 4.0.5 - missing functions: none
symbol engine: initialized successfully - sym options: 0x614 - pdb path: .;C:\Program Files\Java\jdk-13.0.1\bin;C:\WINDOWS\SYSTEM32;C:\WINDOWS\WinSxS\amd64_microsoft.windows.common-controls_6595b64144ccf1df_6.0.18362.418_none_e6c6b287130d565d;C:\Program Files\Java\jdk-13.0.1\bin\server

VM Arguments:
jvm_args: -agentlib:jdwp=transport=dt_socket,suspend=y,address=localhost:56258 -ea -Dfile.encoding=Cp1252 
java_command: org.testng.remote.RemoteTestNG -serport 56257 -protocol json -d D:\Automation\MyAccount\test-output D:\Automation\MyAccount\Builds\DEV.xml
java_class_path (initial): C:\Users\utkarsh.patel\eclipse\java-2019-09\eclipse\configuration\org.eclipse.osgi\488\0\.cp\lib\testng-remote.jar;C:\Users\utkarsh.patel\.m2\repository\javax\mail\mail\1.4.7\mail-1.4.7.jar;C:\Users\utkarsh.patel\.m2\repository\javax\activation\activation\1.1.1\activation-1.1.1.jar;C:\Users\utkarsh.patel\.m2\repository\org\seleniumhq\selenium\selenium-java\2.45.0\selenium-java-2.45.0.jar;C:\Users\utkarsh.patel\.m2\repository\org\seleniumhq\selenium\selenium-chrome-driver\2.45.0\selenium-chrome-driver-2.45.0.jar;C:\Users\utkarsh.patel\.m2\repository\org\seleniumhq\selenium\selenium-remote-driver\2.45.0\selenium-remote-driver-2.45.0.jar;C:\Users\utkarsh.patel\.m2\repository\cglib\cglib-nodep\2.1_3\cglib-nodep-2.1_3.jar;C:\Users\utkarsh.patel\.m2\repository\com\google\code\gson\gson\2.8.0\gson-2.8.0.jar;C:\Users\utkarsh.patel\.m2\repository\org\seleniumhq\selenium\selenium-api\2.45.0\selenium-api-2.45.0.jar;C:\Users\utkarsh.patel\.m2\repository\com\google\guava\guava\18.0\guava-18.0.jar;C:\Users\utkarsh.patel\.m2\repository\org\apache\httpcomponents\httpclient\4.5.2\httpclient-4.5.2.jar;C:\Users\utkarsh.patel\.m2\repository\org\apache\httpcomponents\httpcore\4.4.4\httpcore-4.4.4.jar;C:\Users\utkarsh.patel\.m2\repository\commons-logging\commons-logging\1.2\commons-logging-1.2.jar;C:\Users\utkarsh.patel\.m2\repository\commons-codec\commons-codec\1.5\commons-codec-1.5.jar;C:\Users\utkarsh.patel\.m2\repository\org\apache\commons\commons-exec\1.1\commons-exec-1.1.jar;C:\Users\utkarsh.patel\.m2\repository\net\java\dev\jna\jna\3.4.0\jna-3.4.0.jar;C:\Users\utkarsh.patel\.m2\repository\net\java\dev\jna\platform\3.4.0\platform-3.4.0.jar;C:\Users\utkarsh.patel\.m2\repository\org\seleniumhq\selenium\selenium-htmlunit-driver\2.45.0\selenium-htmlunit-driver-2.45.0.jar;C:\Users\utkarsh.patel\.m2\repository\net\sourceforge\htmlunit\htmlunit\2.15\htmlunit-2.15.jar;C:\Users\utkarsh.patel\.m2\repository\xalan\xalan\2.7.1\xalan-2.7.1.jar;C:\Users\utkarsh.patel
Launcher Type: SUN_STANDARD

[Global flags]
     intx CICompilerCount                          = 3                                         {product} {ergonomic}
     uint ConcGCThreads                            = 1                                         {product} {ergonomic}
     uint G1ConcRefinementThreads                  = 4                                         {product} {ergonomic}
   size_t G1HeapRegionSize                         = 1048576                                   {product} {ergonomic}
    uintx GCDrainStackTargetSize                   = 64                                        {product} {ergonomic}
   size_t InitialHeapSize                          = 134217728                                 {product} {ergonomic}
   size_t MarkStackSize                            = 4194304                                   {product} {ergonomic}
   size_t MaxHeapSize                              = 2118123520                                {product} {ergonomic}
   size_t MaxNewSize                               = 1270874112                                {product} {ergonomic}
   size_t MinHeapDeltaBytes                        = 1048576                                   {product} {ergonomic}
   size_t MinHeapSize                              = 8388608                                   {product} {ergonomic}
    uintx NonNMethodCodeHeapSize                   = 5830732                                {pd product} {ergonomic}
    uintx NonProfiledCodeHeapSize                  = 122913754                              {pd product} {ergonomic}
    uintx ProfiledCodeHeapSize                     = 122913754                              {pd product} {ergonomic}
    uintx ReservedCodeCacheSize                    = 251658240                              {pd product} {ergonomic}
     bool SegmentedCodeCache                       = true                                      {product} {ergonomic}
   size_t SoftMaxHeapSize                          = 2118123520                             {manageable} {ergonomic}
     bool UseCompressedClassPointers               = true                                 {lp64_product} {ergonomic}
     bool UseCompressedOops                        = true                                 {lp64_product} {ergonomic}
     bool UseG1GC                                  = true                                      {product} {ergonomic}
     bool UseLargePagesIndividualAllocation        = false                                  {pd product} {ergonomic}

Logging:
Log output configuration:
 #0: stdout all=warning uptime,level,tags
 #1: stderr all=off uptime,level,tags

Environment Variables:
PATH=C:/Program Files/Java/jdk-13.0.1/bin/server;C:/Program Files/Java/jdk-13.0.1/bin;C:\WINDOWS\system32;C:\WINDOWS;C:\WINDOWS\System32\Wbem;C:\WINDOWS\System32\WindowsPowerShell\v1.0\;C:\WINDOWS\System32\OpenSSH\;C:\Users\utkarsh.patel\AppData\Local\Microsoft\WindowsApps;;C:\Users\utkarsh.patel\Desktop;
USERNAME=utkarsh.patel
OS=Windows_NT
PROCESSOR_IDENTIFIER=Intel64 Family 6 Model 142 Stepping 9, GenuineIntel



---------------  S Y S T E M  ---------------

OS: Windows 10 , 64 bit Build 18362 (10.0.18362.329)

CPU:total 4 (initial active 4) (2 cores per cpu, 2 threads per core) family 6 model 142 stepping 9, cmov, cx8, fxsr, mmx, sse, sse2, sse3, ssse3, sse4.1, sse4.2, popcnt, avx, avx2, aes, clmul, erms, 3dnowpref, lzcnt, ht, tsc, tscinvbit, bmi1, bmi2, adx, fma

Memory: 4k page, system-wide physical 8073M (2702M free)
TotalPageFile size 10764M (AvailPageFile size 3905M)
current process WorkingSet (physical memory assigned to process): 138M, peak: 223M
current process commit charge ("private bytes"): 175M, peak: 287M

vm_info: Java HotSpot(TM) 64-Bit Server VM (13.0.1+9) for windows-amd64 JRE (13.0.1+9), built on Oct  6 2019 12:37:49 by "mach5one" with unknown MS VC++:1916

END.
